1666932556887:l Rinat
1666932561153:L
1666932562966:l
1666932731950:l Rinat
1666932739482:help
1666932743529:quit
1666932850581:l Rinat Beibutov
1666932934298:l Rinat Beib
1666933173844:l
1666933366994:start
1667243867144:help
1667245161148:l
1667245171512:l Rinat Beybutov
1668708282801:l Rinat B
1668708287656:help
1668708290541:s
1669139058511:help
1669139061738:s
1669139241218:help
1669139558210:s
1669139563054:*s
1669139565803:* s
1669139582876:l
1669139586410:l Rinat B
1669139588850:s
1670350727391:д
1670350732791:l Rinat B
1670350735671:r
1670350740140:help
1670350742096:s
1671037345475:help
1671037349427:s
1671037355386:l Rinat B
1671037357214:s
1683529207213:help
1683529225223:exit
1683560871794:help
1683561237101:рудз
1683561241962:help
1683561246455:add
1683561250341:add 5 6
1683561805445:help
1683561811002:getAllBooks
1683565704345:рудз
1683565706684:help
1683565711916:getAllBooks
1683566503277:help
1683566507724:getAllBooks
1684330223917:help
1684330228967:getAllBooks
1684330702634:g
1684330703685:d
1684330706824:help
1684330712452:ga
1684406158227:help
1684406160539:ga
1684407276876:help
1684407281734:ga
1684407284717:i
1684407305093:i NeBook Pushkin Alternative
1684407360619:i NeBook
1684407370305:i NeBook Pushkin Alternative
1684407380146:i NeBook Pushkin
1684407384647:i NeBook Pushkin Alternativ
1684407393567:stacktrace
1684407447681:i NeBook Pushkin Alternative
1684407638300:help
1684407655202:i NeeBook Pushkin Alternative
1684407706583:i NeeBook1 Pushkin Alternative
1684407709100:ga
1686821041483:help
1686821063515:gac
1686821068163:gac 1
1686821075246:gac 0
1686821084166:stacktrace
1686821100777:gac 0
1686821111130:gac 1
1686821243528:help
1686821261256:gac 0
1686821272039:gac 1
1686821391013:help
1686821397821:ga
1686821762384:help
1686821764780:ga
1686821955669:help
1686821958434:ga
1686899651066:рудз
1686899656003:help
1686899765988:ga
1686900675971:help
1686900685368:gac 1
1687283674520:help
1687283679405:ga
1687286632360:help
1687286644096:i
1687286683599:i new_book masha detective
1687286706642:stacktrace
1687286807736:help
1687286813234:i
1687286841100:i new_book masha detective
1687286877460:stacktrace
1687286963415:i new_book masha detective
1687286975602:stacktrace
1687287080041:i new_book masha detective
1687287292031:help
1687287295696:i new_book masha detective
1687287316650:ga
1688923263338:рудз
1688923265324:help
1688923271086:ga
1688923465145:help
1688923468514:ga
1689664835493:help
1689664843683:i bookName masha detective
1689664858540:stacktrace
1689664882755:i bookName masha detective
1689665297884:ga
1689665339577:i bookName13 masha13 detective13
1689665346011:рудз
1689665349089:help
1689665420762:i bookName13 masha13 detective13
